CRITICAL - 2026-05-05 19:45:46 --> Error: Class "App\Models\FormModel" not found
[Method: GET, Route: form]
in APPPATH/Controllers/Form.php on line 15.
 1 SYSTEMPATH/CodeIgniter.php(951): App\Controllers\Form->index()
 2 SYSTEMPATH/CodeIgniter.php(497): CodeIgniter\CodeIgniter->runController(Object(App\Controllers\Form))
 3 SYSTEMPATH/CodeIgniter.php(340): CodeIgniter\CodeIgniter->handleRequest(null, Object(Config\Cache), false)
 4 SYSTEMPATH/Boot.php(417): CodeIgniter\CodeIgniter->run()
 5 SYSTEMPATH/Boot.php(68): CodeIgniter\Boot::runCodeIgniter(Object(CodeIgniter\CodeIgniter))
 6 FCPATH/index.php(59): CodeIgniter\Boot::bootWeb(Object(Config\Paths))
CRITICAL - 2026-05-05 19:48:54 --> ParseError: syntax error, unexpected identifier "print_r", expecting "," or ";"
[Method: GET, Route: form]
in APPPATH/Controllers/Form.php on line 46.
 1 SYSTEMPATH/Autoloader/Autoloader.php(295): CodeIgniter\Autoloader\Autoloader->includeFile('/Applications/MAMP/htdocs/code4/app/Controllers/Form.php')
 2 SYSTEMPATH/Autoloader/Autoloader.php(271): CodeIgniter\Autoloader\Autoloader->loadInNamespace('App\\Controllers\\Form')
 3 [internal function]: CodeIgniter\Autoloader\Autoloader->loadClass('App\\Controllers\\Form')
 4 SYSTEMPATH/Router/Router.php(792): class_exists('\\App\\Controllers\\Form')
 5 SYSTEMPATH/Router/Router.php(230): CodeIgniter\Router\Router->processRouteAttributes()
 6 SYSTEMPATH/CodeIgniter.php(829): CodeIgniter\Router\Router->handle('form')
 7 SYSTEMPATH/CodeIgniter.php(441): CodeIgniter\CodeIgniter->tryToRouteIt(Object(CodeIgniter\Router\RouteCollection))
 8 SYSTEMPATH/CodeIgniter.php(340): CodeIgniter\CodeIgniter->handleRequest(null, Object(Config\Cache), false)
 9 SYSTEMPATH/Boot.php(417): CodeIgniter\CodeIgniter->run()
10 SYSTEMPATH/Boot.php(68): CodeIgniter\Boot::runCodeIgniter(Object(CodeIgniter\CodeIgniter))
11 FCPATH/index.php(59): CodeIgniter\Boot::bootWeb(Object(Config\Paths))
CRITICAL - 2026-05-05 20:01:06 --> CodeIgniter\HTTP\Exceptions\HTTPException: The route for "http://localhost:8888/code4/public/index.php/form" cannot be found.
[Method: POST, Route: form/submit]
in SYSTEMPATH/HTTP/RedirectResponse.php on line 63.
 1 SYSTEMPATH/HTTP/RedirectResponse.php(63): CodeIgniter\HTTP\Exceptions\HTTPException::forInvalidRedirectRoute('http://localhost:8888/code4/public/index.php/form')
 2 SYSTEMPATH/Common.php(883): CodeIgniter\HTTP\RedirectResponse->route(false)
 3 APPPATH/Controllers/Form.php(80): redirect('http://localhost:8888/code4/public/index.php/form')
 4 SYSTEMPATH/CodeIgniter.php(951): App\Controllers\Form->submit()
 5 SYSTEMPATH/CodeIgniter.php(497): CodeIgniter\CodeIgniter->runController(Object(App\Controllers\Form))
 6 SYSTEMPATH/CodeIgniter.php(340): CodeIgniter\CodeIgniter->handleRequest(null, Object(Config\Cache), false)
 7 SYSTEMPATH/Boot.php(417): CodeIgniter\CodeIgniter->run()
 8 SYSTEMPATH/Boot.php(68): CodeIgniter\Boot::runCodeIgniter(Object(CodeIgniter\CodeIgniter))
 9 FCPATH/index.php(59): CodeIgniter\Boot::bootWeb(Object(Config\Paths))
CRITICAL - 2026-05-05 20:04:52 --> CodeIgniter\HTTP\Exceptions\HTTPException: The route for "http://localhost:8888/code4/public/index.php/form" cannot be found.
[Method: POST, Route: form/submit]
in SYSTEMPATH/HTTP/RedirectResponse.php on line 63.
 1 SYSTEMPATH/HTTP/RedirectResponse.php(63): CodeIgniter\HTTP\Exceptions\HTTPException::forInvalidRedirectRoute('http://localhost:8888/code4/public/index.php/form')
 2 SYSTEMPATH/Common.php(883): CodeIgniter\HTTP\RedirectResponse->route(false)
 3 APPPATH/Controllers/Form.php(82): redirect('http://localhost:8888/code4/public/index.php/form')
 4 SYSTEMPATH/CodeIgniter.php(951): App\Controllers\Form->submit()
 5 SYSTEMPATH/CodeIgniter.php(497): CodeIgniter\CodeIgniter->runController(Object(App\Controllers\Form))
 6 SYSTEMPATH/CodeIgniter.php(340): CodeIgniter\CodeIgniter->handleRequest(null, Object(Config\Cache), false)
 7 SYSTEMPATH/Boot.php(417): CodeIgniter\CodeIgniter->run()
 8 SYSTEMPATH/Boot.php(68): CodeIgniter\Boot::runCodeIgniter(Object(CodeIgniter\CodeIgniter))
 9 FCPATH/index.php(59): CodeIgniter\Boot::bootWeb(Object(Config\Paths))
CRITICAL - 2026-05-05 20:08:01 --> ErrorException: Undefined variable $table
[Method: GET, Route: form]
in APPPATH/Controllers/Form.php on line 45.
 1 APPPATH/Controllers/Form.php(45): CodeIgniter\Debug\Exceptions->errorHandler(2, 'Undefined variable $table', '/Applications/MAMP/htdocs/code4/app/Controllers/Form.php', 45)
 2 SYSTEMPATH/CodeIgniter.php(951): App\Controllers\Form->index()
 3 SYSTEMPATH/CodeIgniter.php(497): CodeIgniter\CodeIgniter->runController(Object(App\Controllers\Form))
 4 SYSTEMPATH/CodeIgniter.php(340): CodeIgniter\CodeIgniter->handleRequest(null, Object(Config\Cache), false)
 5 SYSTEMPATH/Boot.php(417): CodeIgniter\CodeIgniter->run()
 6 SYSTEMPATH/Boot.php(68): CodeIgniter\Boot::runCodeIgniter(Object(CodeIgniter\CodeIgniter))
 7 FCPATH/index.php(59): CodeIgniter\Boot::bootWeb(Object(Config\Paths))
CRITICAL - 2026-05-05 20:12:20 --> ErrorException: Undefined variable $values
[Method: GET, Route: form]
in APPPATH/Views/form_view.php on line 51.
 1 APPPATH/Views/form_view.php(51): CodeIgniter\Debug\Exceptions->errorHandler(2, 'Undefined variable $values', '/Applications/MAMP/htdocs/code4/app/Views/form_view.php', 51)
 2 [internal function]: CodeIgniter\View\View->{closure}([...])
 3 APPPATH/Views/form_view.php(39): preg_replace_callback('/\\{(.*?)\\}/', Object(Closure), 'Step-1:

Weighed and transferred  {input1}(10 mg) of NDBA,  {input2}(10 mg) of NDPA,  {input3}(10 mg) of NEIPA and {input4} (10 mg) of NDIPA standard into an individual  {input5}(10 mL) volumetric flask containing  {input6}(5 mL) of methanol and vortex to dissolve. Diluted up to the mark with methanol and mixed well.

Step-2:

Transferred {input7} (0.11 mL) of NDBA,  {input8}(0.11 mL) of NDPA,  {input9}(0.11 mL) of NEIPA,  {input10}(0.11 mL) of NDIPA (Step-1) standard stock solution into a {input11} (50 mL) volumetric flask containing {input12} (20 mL) of diluent and vortex to dissolve. Diluted up to the mark with diluent and mixed well.

Step-3:

Transferred {input13} (0.5 mL) of (Step-2) standard stock solution into a  {input14}(25 mL) volumetric flask containing {input15} (10 mL) of diluent and vortex for {input16} (2 minutes). Diluted up to the mark with diluent and mixed well.')
 4 SYSTEMPATH/View/View.php(240): include('/Applications/MAMP/htdocs/code4/app/Views/form_view.php')
 5 SYSTEMPATH/View/View.php(243): CodeIgniter\View\View->CodeIgniter\View\{closure}()
 6 SYSTEMPATH/Common.php(1250): CodeIgniter\View\View->render('form_view', [], true)
 7 APPPATH/Controllers/Form.php(60): view('form_view', [...])
 8 SYSTEMPATH/CodeIgniter.php(951): App\Controllers\Form->index()
 9 SYSTEMPATH/CodeIgniter.php(497): CodeIgniter\CodeIgniter->runController(Object(App\Controllers\Form))
10 SYSTEMPATH/CodeIgniter.php(340): CodeIgniter\CodeIgniter->handleRequest(null, Object(Config\Cache), false)
11 SYSTEMPATH/Boot.php(417): CodeIgniter\CodeIgniter->run()
12 SYSTEMPATH/Boot.php(68): CodeIgniter\Boot::runCodeIgniter(Object(CodeIgniter\CodeIgniter))
13 FCPATH/index.php(59): CodeIgniter\Boot::bootWeb(Object(Config\Paths))
CRITICAL - 2026-05-05 20:12:40 --> ErrorException: Undefined variable $values
[Method: GET, Route: form]
in APPPATH/Views/form_view.php on line 51.
 1 APPPATH/Views/form_view.php(51): CodeIgniter\Debug\Exceptions->errorHandler(2, 'Undefined variable $values', '/Applications/MAMP/htdocs/code4/app/Views/form_view.php', 51)
 2 [internal function]: CodeIgniter\View\View->{closure}([...])
 3 APPPATH/Views/form_view.php(39): preg_replace_callback('/\\{(.*?)\\}/', Object(Closure), 'Step-1:

Weighed and transferred  {input1}(10 mg) of NDBA,  {input2}(10 mg) of NDPA,  {input3}(10 mg) of NEIPA and {input4} (10 mg) of NDIPA standard into an individual  {input5}(10 mL) volumetric flask containing  {input6}(5 mL) of methanol and vortex to dissolve. Diluted up to the mark with methanol and mixed well.

Step-2:

Transferred {input7} (0.11 mL) of NDBA,  {input8}(0.11 mL) of NDPA,  {input9}(0.11 mL) of NEIPA,  {input10}(0.11 mL) of NDIPA (Step-1) standard stock solution into a {input11} (50 mL) volumetric flask containing {input12} (20 mL) of diluent and vortex to dissolve. Diluted up to the mark with diluent and mixed well.

Step-3:

Transferred {input13} (0.5 mL) of (Step-2) standard stock solution into a  {input14}(25 mL) volumetric flask containing {input15} (10 mL) of diluent and vortex for {input16} (2 minutes). Diluted up to the mark with diluent and mixed well.')
 4 SYSTEMPATH/View/View.php(240): include('/Applications/MAMP/htdocs/code4/app/Views/form_view.php')
 5 SYSTEMPATH/View/View.php(243): CodeIgniter\View\View->CodeIgniter\View\{closure}()
 6 SYSTEMPATH/Common.php(1250): CodeIgniter\View\View->render('form_view', [], true)
 7 APPPATH/Controllers/Form.php(60): view('form_view', [...])
 8 SYSTEMPATH/CodeIgniter.php(951): App\Controllers\Form->index()
 9 SYSTEMPATH/CodeIgniter.php(497): CodeIgniter\CodeIgniter->runController(Object(App\Controllers\Form))
10 SYSTEMPATH/CodeIgniter.php(340): CodeIgniter\CodeIgniter->handleRequest(null, Object(Config\Cache), false)
11 SYSTEMPATH/Boot.php(417): CodeIgniter\CodeIgniter->run()
12 SYSTEMPATH/Boot.php(68): CodeIgniter\Boot::runCodeIgniter(Object(CodeIgniter\CodeIgniter))
13 FCPATH/index.php(59): CodeIgniter\Boot::bootWeb(Object(Config\Paths))
CRITICAL - 2026-05-05 20:12:41 --> ErrorException: Undefined variable $values
[Method: GET, Route: form]
in APPPATH/Views/form_view.php on line 51.
 1 APPPATH/Views/form_view.php(51): CodeIgniter\Debug\Exceptions->errorHandler(2, 'Undefined variable $values', '/Applications/MAMP/htdocs/code4/app/Views/form_view.php', 51)
 2 [internal function]: CodeIgniter\View\View->{closure}([...])
 3 APPPATH/Views/form_view.php(39): preg_replace_callback('/\\{(.*?)\\}/', Object(Closure), 'Step-1:

Weighed and transferred  {input1}(10 mg) of NDBA,  {input2}(10 mg) of NDPA,  {input3}(10 mg) of NEIPA and {input4} (10 mg) of NDIPA standard into an individual  {input5}(10 mL) volumetric flask containing  {input6}(5 mL) of methanol and vortex to dissolve. Diluted up to the mark with methanol and mixed well.

Step-2:

Transferred {input7} (0.11 mL) of NDBA,  {input8}(0.11 mL) of NDPA,  {input9}(0.11 mL) of NEIPA,  {input10}(0.11 mL) of NDIPA (Step-1) standard stock solution into a {input11} (50 mL) volumetric flask containing {input12} (20 mL) of diluent and vortex to dissolve. Diluted up to the mark with diluent and mixed well.

Step-3:

Transferred {input13} (0.5 mL) of (Step-2) standard stock solution into a  {input14}(25 mL) volumetric flask containing {input15} (10 mL) of diluent and vortex for {input16} (2 minutes). Diluted up to the mark with diluent and mixed well.')
 4 SYSTEMPATH/View/View.php(240): include('/Applications/MAMP/htdocs/code4/app/Views/form_view.php')
 5 SYSTEMPATH/View/View.php(243): CodeIgniter\View\View->CodeIgniter\View\{closure}()
 6 SYSTEMPATH/Common.php(1250): CodeIgniter\View\View->render('form_view', [], true)
 7 APPPATH/Controllers/Form.php(60): view('form_view', [...])
 8 SYSTEMPATH/CodeIgniter.php(951): App\Controllers\Form->index()
 9 SYSTEMPATH/CodeIgniter.php(497): CodeIgniter\CodeIgniter->runController(Object(App\Controllers\Form))
10 SYSTEMPATH/CodeIgniter.php(340): CodeIgniter\CodeIgniter->handleRequest(null, Object(Config\Cache), false)
11 SYSTEMPATH/Boot.php(417): CodeIgniter\CodeIgniter->run()
12 SYSTEMPATH/Boot.php(68): CodeIgniter\Boot::runCodeIgniter(Object(CodeIgniter\CodeIgniter))
13 FCPATH/index.php(59): CodeIgniter\Boot::bootWeb(Object(Config\Paths))
CRITICAL - 2026-05-05 20:13:08 --> ErrorException: Undefined variable $values
[Method: GET, Route: form]
in APPPATH/Views/form_view.php on line 51.
 1 APPPATH/Views/form_view.php(51): CodeIgniter\Debug\Exceptions->errorHandler(2, 'Undefined variable $values', '/Applications/MAMP/htdocs/code4/app/Views/form_view.php', 51)
 2 [internal function]: CodeIgniter\View\View->{closure}([...])
 3 APPPATH/Views/form_view.php(39): preg_replace_callback('/\\{(.*?)\\}/', Object(Closure), 'Step-1:

Weighed and transferred  {input1}(10 mg) of NDBA,  {input2}(10 mg) of NDPA,  {input3}(10 mg) of NEIPA and {input4} (10 mg) of NDIPA standard into an individual  {input5}(10 mL) volumetric flask containing  {input6}(5 mL) of methanol and vortex to dissolve. Diluted up to the mark with methanol and mixed well.

Step-2:

Transferred {input7} (0.11 mL) of NDBA,  {input8}(0.11 mL) of NDPA,  {input9}(0.11 mL) of NEIPA,  {input10}(0.11 mL) of NDIPA (Step-1) standard stock solution into a {input11} (50 mL) volumetric flask containing {input12} (20 mL) of diluent and vortex to dissolve. Diluted up to the mark with diluent and mixed well.

Step-3:

Transferred {input13} (0.5 mL) of (Step-2) standard stock solution into a  {input14}(25 mL) volumetric flask containing {input15} (10 mL) of diluent and vortex for {input16} (2 minutes). Diluted up to the mark with diluent and mixed well.')
 4 SYSTEMPATH/View/View.php(240): include('/Applications/MAMP/htdocs/code4/app/Views/form_view.php')
 5 SYSTEMPATH/View/View.php(243): CodeIgniter\View\View->CodeIgniter\View\{closure}()
 6 SYSTEMPATH/Common.php(1250): CodeIgniter\View\View->render('form_view', [], true)
 7 APPPATH/Controllers/Form.php(60): view('form_view', [...])
 8 SYSTEMPATH/CodeIgniter.php(951): App\Controllers\Form->index()
 9 SYSTEMPATH/CodeIgniter.php(497): CodeIgniter\CodeIgniter->runController(Object(App\Controllers\Form))
10 SYSTEMPATH/CodeIgniter.php(340): CodeIgniter\CodeIgniter->handleRequest(null, Object(Config\Cache), false)
11 SYSTEMPATH/Boot.php(417): CodeIgniter\CodeIgniter->run()
12 SYSTEMPATH/Boot.php(68): CodeIgniter\Boot::runCodeIgniter(Object(CodeIgniter\CodeIgniter))
13 FCPATH/index.php(59): CodeIgniter\Boot::bootWeb(Object(Config\Paths))
CRITICAL - 2026-05-05 20:13:16 --> ErrorException: Undefined variable $values
[Method: GET, Route: form]
in APPPATH/Views/form_view.php on line 51.
 1 APPPATH/Views/form_view.php(51): CodeIgniter\Debug\Exceptions->errorHandler(2, 'Undefined variable $values', '/Applications/MAMP/htdocs/code4/app/Views/form_view.php', 51)
 2 [internal function]: CodeIgniter\View\View->{closure}([...])
 3 APPPATH/Views/form_view.php(39): preg_replace_callback('/\\{(.*?)\\}/', Object(Closure), 'Step-1:

Weighed and transferred  {input1}(10 mg) of NDBA,  {input2}(10 mg) of NDPA,  {input3}(10 mg) of NEIPA and {input4} (10 mg) of NDIPA standard into an individual  {input5}(10 mL) volumetric flask containing  {input6}(5 mL) of methanol and vortex to dissolve. Diluted up to the mark with methanol and mixed well.

Step-2:

Transferred {input7} (0.11 mL) of NDBA,  {input8}(0.11 mL) of NDPA,  {input9}(0.11 mL) of NEIPA,  {input10}(0.11 mL) of NDIPA (Step-1) standard stock solution into a {input11} (50 mL) volumetric flask containing {input12} (20 mL) of diluent and vortex to dissolve. Diluted up to the mark with diluent and mixed well.

Step-3:

Transferred {input13} (0.5 mL) of (Step-2) standard stock solution into a  {input14}(25 mL) volumetric flask containing {input15} (10 mL) of diluent and vortex for {input16} (2 minutes). Diluted up to the mark with diluent and mixed well.')
 4 SYSTEMPATH/View/View.php(240): include('/Applications/MAMP/htdocs/code4/app/Views/form_view.php')
 5 SYSTEMPATH/View/View.php(243): CodeIgniter\View\View->CodeIgniter\View\{closure}()
 6 SYSTEMPATH/Common.php(1250): CodeIgniter\View\View->render('form_view', [], true)
 7 APPPATH/Controllers/Form.php(60): view('form_view', [...])
 8 SYSTEMPATH/CodeIgniter.php(951): App\Controllers\Form->index()
 9 SYSTEMPATH/CodeIgniter.php(497): CodeIgniter\CodeIgniter->runController(Object(App\Controllers\Form))
10 SYSTEMPATH/CodeIgniter.php(340): CodeIgniter\CodeIgniter->handleRequest(null, Object(Config\Cache), false)
11 SYSTEMPATH/Boot.php(417): CodeIgniter\CodeIgniter->run()
12 SYSTEMPATH/Boot.php(68): CodeIgniter\Boot::runCodeIgniter(Object(CodeIgniter\CodeIgniter))
13 FCPATH/index.php(59): CodeIgniter\Boot::bootWeb(Object(Config\Paths))
CRITICAL - 2026-05-05 20:13:17 --> ErrorException: Undefined variable $values
[Method: GET, Route: form]
in APPPATH/Views/form_view.php on line 51.
 1 APPPATH/Views/form_view.php(51): CodeIgniter\Debug\Exceptions->errorHandler(2, 'Undefined variable $values', '/Applications/MAMP/htdocs/code4/app/Views/form_view.php', 51)
 2 [internal function]: CodeIgniter\View\View->{closure}([...])
 3 APPPATH/Views/form_view.php(39): preg_replace_callback('/\\{(.*?)\\}/', Object(Closure), 'Step-1:

Weighed and transferred  {input1}(10 mg) of NDBA,  {input2}(10 mg) of NDPA,  {input3}(10 mg) of NEIPA and {input4} (10 mg) of NDIPA standard into an individual  {input5}(10 mL) volumetric flask containing  {input6}(5 mL) of methanol and vortex to dissolve. Diluted up to the mark with methanol and mixed well.

Step-2:

Transferred {input7} (0.11 mL) of NDBA,  {input8}(0.11 mL) of NDPA,  {input9}(0.11 mL) of NEIPA,  {input10}(0.11 mL) of NDIPA (Step-1) standard stock solution into a {input11} (50 mL) volumetric flask containing {input12} (20 mL) of diluent and vortex to dissolve. Diluted up to the mark with diluent and mixed well.

Step-3:

Transferred {input13} (0.5 mL) of (Step-2) standard stock solution into a  {input14}(25 mL) volumetric flask containing {input15} (10 mL) of diluent and vortex for {input16} (2 minutes). Diluted up to the mark with diluent and mixed well.')
 4 SYSTEMPATH/View/View.php(240): include('/Applications/MAMP/htdocs/code4/app/Views/form_view.php')
 5 SYSTEMPATH/View/View.php(243): CodeIgniter\View\View->CodeIgniter\View\{closure}()
 6 SYSTEMPATH/Common.php(1250): CodeIgniter\View\View->render('form_view', [], true)
 7 APPPATH/Controllers/Form.php(60): view('form_view', [...])
 8 SYSTEMPATH/CodeIgniter.php(951): App\Controllers\Form->index()
 9 SYSTEMPATH/CodeIgniter.php(497): CodeIgniter\CodeIgniter->runController(Object(App\Controllers\Form))
10 SYSTEMPATH/CodeIgniter.php(340): CodeIgniter\CodeIgniter->handleRequest(null, Object(Config\Cache), false)
11 SYSTEMPATH/Boot.php(417): CodeIgniter\CodeIgniter->run()
12 SYSTEMPATH/Boot.php(68): CodeIgniter\Boot::runCodeIgniter(Object(CodeIgniter\CodeIgniter))
13 FCPATH/index.php(59): CodeIgniter\Boot::bootWeb(Object(Config\Paths))
CRITICAL - 2026-05-05 20:13:46 --> ErrorException: Undefined variable $values
[Method: GET, Route: form]
in APPPATH/Views/form_view.php on line 51.
 1 APPPATH/Views/form_view.php(51): CodeIgniter\Debug\Exceptions->errorHandler(2, 'Undefined variable $values', '/Applications/MAMP/htdocs/code4/app/Views/form_view.php', 51)
 2 [internal function]: CodeIgniter\View\View->{closure}([...])
 3 APPPATH/Views/form_view.php(39): preg_replace_callback('/\\{(.*?)\\}/', Object(Closure), 'Step-1:

Weighed and transferred  {input1}(10 mg) of NDBA,  {input2}(10 mg) of NDPA,  {input3}(10 mg) of NEIPA and {input4} (10 mg) of NDIPA standard into an individual  {input5}(10 mL) volumetric flask containing  {input6}(5 mL) of methanol and vortex to dissolve. Diluted up to the mark with methanol and mixed well.

Step-2:

Transferred {input7} (0.11 mL) of NDBA,  {input8}(0.11 mL) of NDPA,  {input9}(0.11 mL) of NEIPA,  {input10}(0.11 mL) of NDIPA (Step-1) standard stock solution into a {input11} (50 mL) volumetric flask containing {input12} (20 mL) of diluent and vortex to dissolve. Diluted up to the mark with diluent and mixed well.

Step-3:

Transferred {input13} (0.5 mL) of (Step-2) standard stock solution into a  {input14}(25 mL) volumetric flask containing {input15} (10 mL) of diluent and vortex for {input16} (2 minutes). Diluted up to the mark with diluent and mixed well.')
 4 SYSTEMPATH/View/View.php(240): include('/Applications/MAMP/htdocs/code4/app/Views/form_view.php')
 5 SYSTEMPATH/View/View.php(243): CodeIgniter\View\View->CodeIgniter\View\{closure}()
 6 SYSTEMPATH/Common.php(1250): CodeIgniter\View\View->render('form_view', [], true)
 7 APPPATH/Controllers/Form.php(60): view('form_view', [...])
 8 SYSTEMPATH/CodeIgniter.php(951): App\Controllers\Form->index()
 9 SYSTEMPATH/CodeIgniter.php(497): CodeIgniter\CodeIgniter->runController(Object(App\Controllers\Form))
10 SYSTEMPATH/CodeIgniter.php(340): CodeIgniter\CodeIgniter->handleRequest(null, Object(Config\Cache), false)
11 SYSTEMPATH/Boot.php(417): CodeIgniter\CodeIgniter->run()
12 SYSTEMPATH/Boot.php(68): CodeIgniter\Boot::runCodeIgniter(Object(CodeIgniter\CodeIgniter))
13 FCPATH/index.php(59): CodeIgniter\Boot::bootWeb(Object(Config\Paths))
CRITICAL - 2026-05-05 20:13:50 --> ErrorException: Undefined variable $values
[Method: GET, Route: form]
in APPPATH/Views/form_view.php on line 51.
 1 APPPATH/Views/form_view.php(51): CodeIgniter\Debug\Exceptions->errorHandler(2, 'Undefined variable $values', '/Applications/MAMP/htdocs/code4/app/Views/form_view.php', 51)
 2 [internal function]: CodeIgniter\View\View->{closure}([...])
 3 APPPATH/Views/form_view.php(39): preg_replace_callback('/\\{(.*?)\\}/', Object(Closure), 'Step-1:

Weighed and transferred  {input1}(10 mg) of NDBA,  {input2}(10 mg) of NDPA,  {input3}(10 mg) of NEIPA and {input4} (10 mg) of NDIPA standard into an individual  {input5}(10 mL) volumetric flask containing  {input6}(5 mL) of methanol and vortex to dissolve. Diluted up to the mark with methanol and mixed well.

Step-2:

Transferred {input7} (0.11 mL) of NDBA,  {input8}(0.11 mL) of NDPA,  {input9}(0.11 mL) of NEIPA,  {input10}(0.11 mL) of NDIPA (Step-1) standard stock solution into a {input11} (50 mL) volumetric flask containing {input12} (20 mL) of diluent and vortex to dissolve. Diluted up to the mark with diluent and mixed well.

Step-3:

Transferred {input13} (0.5 mL) of (Step-2) standard stock solution into a  {input14}(25 mL) volumetric flask containing {input15} (10 mL) of diluent and vortex for {input16} (2 minutes). Diluted up to the mark with diluent and mixed well.')
 4 SYSTEMPATH/View/View.php(240): include('/Applications/MAMP/htdocs/code4/app/Views/form_view.php')
 5 SYSTEMPATH/View/View.php(243): CodeIgniter\View\View->CodeIgniter\View\{closure}()
 6 SYSTEMPATH/Common.php(1250): CodeIgniter\View\View->render('form_view', [], true)
 7 APPPATH/Controllers/Form.php(60): view('form_view', [...])
 8 SYSTEMPATH/CodeIgniter.php(951): App\Controllers\Form->index()
 9 SYSTEMPATH/CodeIgniter.php(497): CodeIgniter\CodeIgniter->runController(Object(App\Controllers\Form))
10 SYSTEMPATH/CodeIgniter.php(340): CodeIgniter\CodeIgniter->handleRequest(null, Object(Config\Cache), false)
11 SYSTEMPATH/Boot.php(417): CodeIgniter\CodeIgniter->run()
12 SYSTEMPATH/Boot.php(68): CodeIgniter\Boot::runCodeIgniter(Object(CodeIgniter\CodeIgniter))
13 FCPATH/index.php(59): CodeIgniter\Boot::bootWeb(Object(Config\Paths))
CRITICAL - 2026-05-05 20:13:51 --> ErrorException: Undefined variable $values
[Method: GET, Route: form]
in APPPATH/Views/form_view.php on line 51.
 1 APPPATH/Views/form_view.php(51): CodeIgniter\Debug\Exceptions->errorHandler(2, 'Undefined variable $values', '/Applications/MAMP/htdocs/code4/app/Views/form_view.php', 51)
 2 [internal function]: CodeIgniter\View\View->{closure}([...])
 3 APPPATH/Views/form_view.php(39): preg_replace_callback('/\\{(.*?)\\}/', Object(Closure), 'Step-1:

Weighed and transferred  {input1}(10 mg) of NDBA,  {input2}(10 mg) of NDPA,  {input3}(10 mg) of NEIPA and {input4} (10 mg) of NDIPA standard into an individual  {input5}(10 mL) volumetric flask containing  {input6}(5 mL) of methanol and vortex to dissolve. Diluted up to the mark with methanol and mixed well.

Step-2:

Transferred {input7} (0.11 mL) of NDBA,  {input8}(0.11 mL) of NDPA,  {input9}(0.11 mL) of NEIPA,  {input10}(0.11 mL) of NDIPA (Step-1) standard stock solution into a {input11} (50 mL) volumetric flask containing {input12} (20 mL) of diluent and vortex to dissolve. Diluted up to the mark with diluent and mixed well.

Step-3:

Transferred {input13} (0.5 mL) of (Step-2) standard stock solution into a  {input14}(25 mL) volumetric flask containing {input15} (10 mL) of diluent and vortex for {input16} (2 minutes). Diluted up to the mark with diluent and mixed well.')
 4 SYSTEMPATH/View/View.php(240): include('/Applications/MAMP/htdocs/code4/app/Views/form_view.php')
 5 SYSTEMPATH/View/View.php(243): CodeIgniter\View\View->CodeIgniter\View\{closure}()
 6 SYSTEMPATH/Common.php(1250): CodeIgniter\View\View->render('form_view', [], true)
 7 APPPATH/Controllers/Form.php(60): view('form_view', [...])
 8 SYSTEMPATH/CodeIgniter.php(951): App\Controllers\Form->index()
 9 SYSTEMPATH/CodeIgniter.php(497): CodeIgniter\CodeIgniter->runController(Object(App\Controllers\Form))
10 SYSTEMPATH/CodeIgniter.php(340): CodeIgniter\CodeIgniter->handleRequest(null, Object(Config\Cache), false)
11 SYSTEMPATH/Boot.php(417): CodeIgniter\CodeIgniter->run()
12 SYSTEMPATH/Boot.php(68): CodeIgniter\Boot::runCodeIgniter(Object(CodeIgniter\CodeIgniter))
13 FCPATH/index.php(59): CodeIgniter\Boot::bootWeb(Object(Config\Paths))
CRITICAL - 2026-05-05 20:13:57 --> ErrorException: Undefined variable $values
[Method: GET, Route: form]
in APPPATH/Views/form_view.php on line 51.
 1 APPPATH/Views/form_view.php(51): CodeIgniter\Debug\Exceptions->errorHandler(2, 'Undefined variable $values', '/Applications/MAMP/htdocs/code4/app/Views/form_view.php', 51)
 2 [internal function]: CodeIgniter\View\View->{closure}([...])
 3 APPPATH/Views/form_view.php(39): preg_replace_callback('/\\{(.*?)\\}/', Object(Closure), 'Step-1:

Weighed and transferred  {input1}(10 mg) of NDBA,  {input2}(10 mg) of NDPA,  {input3}(10 mg) of NEIPA and {input4} (10 mg) of NDIPA standard into an individual  {input5}(10 mL) volumetric flask containing  {input6}(5 mL) of methanol and vortex to dissolve. Diluted up to the mark with methanol and mixed well.

Step-2:

Transferred {input7} (0.11 mL) of NDBA,  {input8}(0.11 mL) of NDPA,  {input9}(0.11 mL) of NEIPA,  {input10}(0.11 mL) of NDIPA (Step-1) standard stock solution into a {input11} (50 mL) volumetric flask containing {input12} (20 mL) of diluent and vortex to dissolve. Diluted up to the mark with diluent and mixed well.

Step-3:

Transferred {input13} (0.5 mL) of (Step-2) standard stock solution into a  {input14}(25 mL) volumetric flask containing {input15} (10 mL) of diluent and vortex for {input16} (2 minutes). Diluted up to the mark with diluent and mixed well.')
 4 SYSTEMPATH/View/View.php(240): include('/Applications/MAMP/htdocs/code4/app/Views/form_view.php')
 5 SYSTEMPATH/View/View.php(243): CodeIgniter\View\View->CodeIgniter\View\{closure}()
 6 SYSTEMPATH/Common.php(1250): CodeIgniter\View\View->render('form_view', [], true)
 7 APPPATH/Controllers/Form.php(60): view('form_view', [...])
 8 SYSTEMPATH/CodeIgniter.php(951): App\Controllers\Form->index()
 9 SYSTEMPATH/CodeIgniter.php(497): CodeIgniter\CodeIgniter->runController(Object(App\Controllers\Form))
10 SYSTEMPATH/CodeIgniter.php(340): CodeIgniter\CodeIgniter->handleRequest(null, Object(Config\Cache), false)
11 SYSTEMPATH/Boot.php(417): CodeIgniter\CodeIgniter->run()
12 SYSTEMPATH/Boot.php(68): CodeIgniter\Boot::runCodeIgniter(Object(CodeIgniter\CodeIgniter))
13 FCPATH/index.php(59): CodeIgniter\Boot::bootWeb(Object(Config\Paths))
CRITICAL - 2026-05-05 20:22:31 --> ErrorException: Undefined variable $values
[Method: GET, Route: form]
in APPPATH/Views/form_view.php on line 54.
 1 APPPATH/Views/form_view.php(54): CodeIgniter\Debug\Exceptions->errorHandler(2, 'Undefined variable $values', '/Applications/MAMP/htdocs/code4/app/Views/form_view.php', 54)
 2 [internal function]: CodeIgniter\View\View->{closure}([...])
 3 APPPATH/Views/form_view.php(39): preg_replace_callback('/\\{(.*?)\\}/', Object(Closure), 'Step-1:

Weighed and transferred  {input1}(10 mg) of NDBA,  {input2}(10 mg) of NDPA,  {input3}(10 mg) of NEIPA and {input4} (10 mg) of NDIPA standard into an individual  {input5}(10 mL) volumetric flask containing  {input6}(5 mL) of methanol and vortex to dissolve. Diluted up to the mark with methanol and mixed well.

Step-2:

Transferred {input7} (0.11 mL) of NDBA,  {input8}(0.11 mL) of NDPA,  {input9}(0.11 mL) of NEIPA,  {input10}(0.11 mL) of NDIPA (Step-1) standard stock solution into a {input11} (50 mL) volumetric flask containing {input12} (20 mL) of diluent and vortex to dissolve. Diluted up to the mark with diluent and mixed well.

Step-3:

Transferred {input13} (0.5 mL) of (Step-2) standard stock solution into a  {input14}(25 mL) volumetric flask containing {input15} (10 mL) of diluent and vortex for {input16} (2 minutes). Diluted up to the mark with diluent and mixed well.')
 4 SYSTEMPATH/View/View.php(240): include('/Applications/MAMP/htdocs/code4/app/Views/form_view.php')
 5 SYSTEMPATH/View/View.php(243): CodeIgniter\View\View->CodeIgniter\View\{closure}()
 6 SYSTEMPATH/Common.php(1250): CodeIgniter\View\View->render('form_view', [], true)
 7 APPPATH/Controllers/Form.php(60): view('form_view', [...])
 8 SYSTEMPATH/CodeIgniter.php(951): App\Controllers\Form->index()
 9 SYSTEMPATH/CodeIgniter.php(497): CodeIgniter\CodeIgniter->runController(Object(App\Controllers\Form))
10 SYSTEMPATH/CodeIgniter.php(340): CodeIgniter\CodeIgniter->handleRequest(null, Object(Config\Cache), false)
11 SYSTEMPATH/Boot.php(417): CodeIgniter\CodeIgniter->run()
12 SYSTEMPATH/Boot.php(68): CodeIgniter\Boot::runCodeIgniter(Object(CodeIgniter\CodeIgniter))
13 FCPATH/index.php(59): CodeIgniter\Boot::bootWeb(Object(Config\Paths))
CRITICAL - 2026-05-05 20:22:36 --> ErrorException: Undefined variable $values
[Method: GET, Route: form]
in APPPATH/Views/form_view.php on line 54.
 1 APPPATH/Views/form_view.php(54): CodeIgniter\Debug\Exceptions->errorHandler(2, 'Undefined variable $values', '/Applications/MAMP/htdocs/code4/app/Views/form_view.php', 54)
 2 [internal function]: CodeIgniter\View\View->{closure}([...])
 3 APPPATH/Views/form_view.php(39): preg_replace_callback('/\\{(.*?)\\}/', Object(Closure), 'Step-1:

Weighed and transferred  {input1}(10 mg) of NDBA,  {input2}(10 mg) of NDPA,  {input3}(10 mg) of NEIPA and {input4} (10 mg) of NDIPA standard into an individual  {input5}(10 mL) volumetric flask containing  {input6}(5 mL) of methanol and vortex to dissolve. Diluted up to the mark with methanol and mixed well.

Step-2:

Transferred {input7} (0.11 mL) of NDBA,  {input8}(0.11 mL) of NDPA,  {input9}(0.11 mL) of NEIPA,  {input10}(0.11 mL) of NDIPA (Step-1) standard stock solution into a {input11} (50 mL) volumetric flask containing {input12} (20 mL) of diluent and vortex to dissolve. Diluted up to the mark with diluent and mixed well.

Step-3:

Transferred {input13} (0.5 mL) of (Step-2) standard stock solution into a  {input14}(25 mL) volumetric flask containing {input15} (10 mL) of diluent and vortex for {input16} (2 minutes). Diluted up to the mark with diluent and mixed well.')
 4 SYSTEMPATH/View/View.php(240): include('/Applications/MAMP/htdocs/code4/app/Views/form_view.php')
 5 SYSTEMPATH/View/View.php(243): CodeIgniter\View\View->CodeIgniter\View\{closure}()
 6 SYSTEMPATH/Common.php(1250): CodeIgniter\View\View->render('form_view', [], true)
 7 APPPATH/Controllers/Form.php(60): view('form_view', [...])
 8 SYSTEMPATH/CodeIgniter.php(951): App\Controllers\Form->index()
 9 SYSTEMPATH/CodeIgniter.php(497): CodeIgniter\CodeIgniter->runController(Object(App\Controllers\Form))
10 SYSTEMPATH/CodeIgniter.php(340): CodeIgniter\CodeIgniter->handleRequest(null, Object(Config\Cache), false)
11 SYSTEMPATH/Boot.php(417): CodeIgniter\CodeIgniter->run()
12 SYSTEMPATH/Boot.php(68): CodeIgniter\Boot::runCodeIgniter(Object(CodeIgniter\CodeIgniter))
13 FCPATH/index.php(59): CodeIgniter\Boot::bootWeb(Object(Config\Paths))
