CRITICAL - 2026-06-03 07:39:56 --> CodeIgniter\View\Exceptions\ViewException: Invalid file: "forms/list.php"
[Method: GET, Route: forms]
in SYSTEMPATH\Exceptions\FrameworkException.php on line 39.
 1 SYSTEMPATH\View\View.php(228): CodeIgniter\Exceptions\FrameworkException::forInvalidFile('forms/list.php')
 2 SYSTEMPATH\Common.php(1250): CodeIgniter\View\View->render('forms/list', [], true)
 3 APPPATH\Controllers\Form.php(27): view('forms/list', [...])
 4 SYSTEMPATH\CodeIgniter.php(951): App\Controllers\Form->listing()
 5 SYSTEMPATH\CodeIgniter.php(497): CodeIgniter\CodeIgniter->runController(Object(App\Controllers\Form))
 6 SYSTEMPATH\CodeIgniter.php(340): CodeIgniter\CodeIgniter->handleRequest(null, Object(Config\Cache), false)
 7 SYSTEMPATH\Boot.php(417): CodeIgniter\CodeIgniter->run()
 8 SYSTEMPATH\Boot.php(68): CodeIgniter\Boot::runCodeIgniter(Object(CodeIgniter\CodeIgniter))
 9 FCPATH\index.php(63): CodeIgniter\Boot::bootWeb(Object(Config\Paths))
CRITICAL - 2026-06-03 07:41:14 --> CodeIgniter\View\Exceptions\ViewException: Invalid file: "forms/list.php"
[Method: GET, Route: forms]
in SYSTEMPATH\Exceptions\FrameworkException.php on line 39.
 1 SYSTEMPATH\View\View.php(228): CodeIgniter\Exceptions\FrameworkException::forInvalidFile('forms/list.php')
 2 SYSTEMPATH\Common.php(1250): CodeIgniter\View\View->render('forms/list', [], true)
 3 APPPATH\Controllers\Form.php(27): view('forms/list', [...])
 4 SYSTEMPATH\CodeIgniter.php(951): App\Controllers\Form->listing()
 5 SYSTEMPATH\CodeIgniter.php(497): CodeIgniter\CodeIgniter->runController(Object(App\Controllers\Form))
 6 SYSTEMPATH\CodeIgniter.php(340): CodeIgniter\CodeIgniter->handleRequest(null, Object(Config\Cache), false)
 7 SYSTEMPATH\Boot.php(417): CodeIgniter\CodeIgniter->run()
 8 SYSTEMPATH\Boot.php(68): CodeIgniter\Boot::runCodeIgniter(Object(CodeIgniter\CodeIgniter))
 9 FCPATH\index.php(63): CodeIgniter\Boot::bootWeb(Object(Config\Paths))
10 SYSTEMPATH\rewrite.php(44): require_once('D:\\xampp\\htdocs\\rmt-app\\rmt-app-new\\public\\index.php')
CRITICAL - 2026-06-03 07:47:24 --> CodeIgniter\View\Exceptions\ViewException: Invalid file: "forms/list.php"
[Method: GET, Route: forms]
in SYSTEMPATH\Exceptions\FrameworkException.php on line 39.
 1 SYSTEMPATH\View\View.php(228): CodeIgniter\Exceptions\FrameworkException::forInvalidFile('forms/list.php')
 2 SYSTEMPATH\Common.php(1250): CodeIgniter\View\View->render('forms/list', [], true)
 3 APPPATH\Controllers\Form.php(27): view('forms/list', [...])
 4 SYSTEMPATH\CodeIgniter.php(951): App\Controllers\Form->listing()
 5 SYSTEMPATH\CodeIgniter.php(497): CodeIgniter\CodeIgniter->runController(Object(App\Controllers\Form))
 6 SYSTEMPATH\CodeIgniter.php(340): CodeIgniter\CodeIgniter->handleRequest(null, Object(Config\Cache), false)
 7 SYSTEMPATH\Boot.php(417): CodeIgniter\CodeIgniter->run()
 8 SYSTEMPATH\Boot.php(68): CodeIgniter\Boot::runCodeIgniter(Object(CodeIgniter\CodeIgniter))
 9 FCPATH\index.php(63): CodeIgniter\Boot::bootWeb(Object(Config\Paths))
